<?xml version="1.0" encoding="UTF-8"?>
<!-- Generated by org.testng.reporters.JUnitReportReporter -->
<testsuite hostname="Chitra" failures="0" tests="1" name="TestCases.LoginModule" time="16.806" errors="0" timestamp="2023-02-19T16:29:48 CST" skipped="0">
  <testcase classname="TestCases.LoginModule" name="TestCase5" time="16.806"/>
  <system-out/>
</testsuite> <!-- TestCases.LoginModule -->
