<?xml version="1.0" encoding="UTF-8"?>
<!-- Generated by org.testng.reporters.JUnitReportReporter -->
<testsuite hostname="Chitra" failures="0" tests="5" name="TestCases.Oppurtunity" time="155.847" errors="0" timestamp="2023-02-18T17:22:04 CST" skipped="0">
  <testcase classname="TestCases.Oppurtunity" name="TestCase16" time="36.443"/>
  <system-out/>
  <testcase classname="TestCases.Oppurtunity" name="TestCase17" time="45.967"/>
  <system-out/>
  <testcase classname="TestCases.Oppurtunity" name="TestCase18" time="22.497"/>
  <system-out/>
  <testcase classname="TestCases.Oppurtunity" name="TestCase19" time="23.902"/>
  <system-out/>
  <testcase classname="TestCases.Oppurtunity" name="TestCase20" time="27.038"/>
  <system-out/>
</testsuite> <!-- TestCases.Oppurtunity -->
