<?xml version="1.0" encoding="UTF-8"?>
<!-- Generated by org.testng.reporters.JUnitReportReporter -->
<testsuite hostname="Chitra" failures="0" tests="5" name="TestCases.Account" time="183.760" errors="0" timestamp="2023-02-18T17:22:04 CST" skipped="0">
  <testcase classname="TestCases.Account" name="TestCase11" time="32.463"/>
  <system-out/>
  <testcase classname="TestCases.Account" name="TestCase12" time="23.726"/>
  <system-out/>
  <testcase classname="TestCases.Account" name="TestCase13" time="35.426"/>
  <system-out/>
  <testcase classname="TestCases.Account" name="TestCase14" time="40.361"/>
  <system-out/>
  <testcase classname="TestCases.Account" name="TestCase15" time="51.784"/>
  <system-out/>
</testsuite> <!-- TestCases.Account -->
